0 info it worked if it ends with ok
1 verbose cli [ 'C:\\Program Files (x86)\\nodejs\\\\node.exe',
1 verbose cli   'C:\\Program Files (x86)\\nodejs\\node_modules\\npm\\bin\\npm-cli.js',
1 verbose cli   'build',
1 verbose cli   'android' ]
2 info using npm@1.3.2
3 info using node@v0.10.13
4 verbose node symlink C:\Program Files (x86)\nodejs\\node.exe
5 info build C:\Users\Stergios\Downloads\ptyxiaki\hello\android
6 error Error: ENOENT, open 'C:\Users\Stergios\Downloads\ptyxiaki\hello\android\package.json'
7 error If you need help, you may report this log at:
7 error     <http://github.com/isaacs/npm/issues>
7 error or email it to:
7 error     <npm-@googlegroups.com>
8 error System Windows_NT 6.2.9200
9 error command "C:\\Program Files (x86)\\nodejs\\\\node.exe" "C:\\Program Files (x86)\\nodejs\\node_modules\\npm\\bin\\npm-cli.js" "build" "android"
10 error cwd C:\Users\Stergios\Downloads\ptyxiaki\hello
11 error node -v v0.10.13
12 error npm -v 1.3.2
13 error path C:\Users\Stergios\Downloads\ptyxiaki\hello\android\package.json
14 error code ENOENT
15 error errno 34
16 verbose exit [ 34, true ]
